This is pdfTeX, Version 3.14159265-2.6-1.40.16 (TeX Live 2015/Debian) (preloaded format=pdflatex 2018.1.15)  13 FEB 2018 21:17
entering extended mode
 restricted \write18 enabled.
 file:line:error style messages enabled.
 %&-line parsing enabled.
**IliamnaRisk.tex
(./IliamnaRisk.tex
LaTeX2e <2016/02/01>
Babel <3.9q> and hyphenation patterns for 81 language(s) loaded.
(./risa.cls
Document Class: risa 2009/05/12 v2.2 LaTeX2e RISA document class
Document Style `Risa' v1.0, released 2009 May 12
\math@groups=\toks14
LaTeX Font Info:    Overwriting symbol font `symbols' in version `bold'
(Font)                  OMS/cmsy/b/n --> OMS/cmsy/b/n on input line 208.
\realparindent=\skip41
\c@part=\count79
\c@section=\count80
\c@subsection=\count81
\c@subsubsection=\count82
\c@paragraph=\count83
\c@subparagraph=\count84
\c@discounter=\count85
\@topalign=\dimen102
\Verticalskip=\dimen103
\@partialpageht=\dimen104
\store@outputbox=\box26
\storedboxheight=\dimen105
\@indentskip=\skip42
\smallindent=\skip43
\@footindent=\skip44
\@leftskip=\skip45
\affilcount=\count86
\tempcount=\count87
\xaffilcount=\count88
\absbox=\box27
\keywdbox=\box28
\c@emailcnt=\count89
\c@emailxcnt=\count90
\tempcount=\count91
\c@dummy=\count92
\c@table=\count93
\c@figure=\count94
\tempbox=\box29
\mathindent=\dimen106
(/usr/share/texlive/texmf-dist/tex/latex/tools/theorem.sty
Package: theorem 2014/10/28 v2.2c Theorem extension package (FMi)
\theorem@style=\toks15
\theorem@bodyfont=\toks16
\theorempreskipamount=\skip46
\theorempostskipamount=\skip47

(/usr/share/texlive/texmf-dist/tex/latex/tools/thp.sty
File: thp.sty 2014/10/28 v2.2c Theorem extension package (FMi)
))
\c@theorem=\count95
\c@theorem=\count96
\c@algorithm=\count97
\c@corollary=\count98
\c@fact=\count99
\c@property=\count100
\c@result=\count101
\c@lemma=\count102
\c@assumption=\count103
\c@case=\count104
\c@axiom=\count105
\c@change=\count106
\c@claim=\count107
\c@conjecture=\count108
\c@definition=\count109
\c@example=\count110
\c@formula=\count111
\c@hypothesis=\count112
\c@method=\count113
\c@model=\count114
\c@notation=\count115
\c@note=\count116
\c@objective=\count117
\c@observation=\count118
\c@principle=\count119
\c@problem=\count120
\c@procedure=\count121
\c@remark=\count122
\c@step=\count123
\theorempreskipamount=\skip48
\theorempostskipamount=\skip49
\footheight=\dimen107
 (./natbib.sty
Package: natbib 2007/10/30 8.1 (PWD)
\bibhang=\skip50
\bibsep=\skip51
LaTeX Info: Redefining \cite on input line 602.
\c@NAT@ctr=\count124
))
(/usr/share/texlive/texmf-dist/tex/latex/graphics/graphicx.sty
Package: graphicx 2014/10/28 v1.0g Enhanced LaTeX Graphics (DPC,SPQR)

(/usr/share/texlive/texmf-dist/tex/latex/graphics/keyval.sty
Package: keyval 2014/10/28 v1.15 key=value parser (DPC)
\KV@toks@=\toks17
)
(/usr/share/texlive/texmf-dist/tex/latex/graphics/graphics.sty
Package: graphics 2016/01/03 v1.0q Standard LaTeX Graphics (DPC,SPQR)

(/usr/share/texlive/texmf-dist/tex/latex/graphics/trig.sty
Package: trig 2016/01/03 v1.10 sin cos tan (DPC)
)
(/usr/share/texlive/texmf-dist/tex/latex/latexconfig/graphics.cfg
File: graphics.cfg 2010/04/23 v1.9 graphics configuration of TeX Live
)
Package graphics Info: Driver file: pdftex.def on input line 95.

(/usr/share/texlive/texmf-dist/tex/latex/pdftex-def/pdftex.def
File: pdftex.def 2011/05/27 v0.06d Graphics/color for pdfTeX

(/usr/share/texlive/texmf-dist/tex/generic/oberdiek/infwarerr.sty
Package: infwarerr 2010/04/08 v1.3 Providing info/warning/error messages (HO)
)
(/usr/share/texlive/texmf-dist/tex/generic/oberdiek/ltxcmds.sty
Package: ltxcmds 2011/11/09 v1.22 LaTeX kernel commands for general use (HO)
)
\Gread@gobject=\count125
))
\Gin@req@height=\dimen108
\Gin@req@width=\dimen109
)
(/usr/share/texlive/texmf-dist/tex/latex/graphics/color.sty
Package: color 2016/01/03 v1.1b Standard LaTeX Color (DPC)

(/usr/share/texlive/texmf-dist/tex/latex/latexconfig/color.cfg
File: color.cfg 2007/01/18 v1.5 color configuration of teTeX/TeXLive
)
Package color Info: Driver file: pdftex.def on input line 143.
)
(/usr/share/texlive/texmf-dist/tex/latex/framed/framed.sty
Package: framed 2011/10/22 v 0.96: framed or shaded text with page breaks
\OuterFrameSep=\skip52
\fb@frw=\dimen110
\fb@frh=\dimen111
\FrameRule=\dimen112
\FrameSep=\dimen113
)
(/usr/share/texlive/texmf-dist/tex/latex/base/alltt.sty
Package: alltt 1997/06/16 v2.0g defines alltt environment
) (./rotating.sty
Package: rotating 1997/09/26 v2.13 Rotation package

(/usr/share/texlive/texmf-dist/tex/latex/base/ifthen.sty
Package: ifthen 2014/09/29 v1.1c Standard LaTeX ifthen package (DPC)
)
\c@r@tfl@t=\count126
\rot@float@box=\box30
) (./ams.sty
Package: ams 1996/01/09

Package `ams' <09 Jan 1996 13:53:56 BST>.
Copyright (C) 1990,1995 Mike Piff, University of Sheffield, England
(/usr/share/texlive/texmf-dist/tex/latex/amsfonts/amsfonts.sty
Package: amsfonts 2013/01/14 v3.01 Basic AMSFonts support
\@emptytoks=\toks18
\symAMSa=\mathgroup4
\symAMSb=\mathgroup5
LaTeX Font Info:    Overwriting math alphabet `\mathfrak' in version `bold'
(Font)                  U/euf/m/n --> U/euf/b/n on input line 106.
)
Use option defs to define all the AMS symbol names
) (/usr/share/texlive/texmf-dist/tex/latex/amsmath/amsmath.sty
Package: amsmath 2016/03/03 v2.15a AMS math features
\@mathmargin=\skip53

For additional information on amsmath, use the `?' option.
(/usr/share/texlive/texmf-dist/tex/latex/amsmath/amstext.sty
Package: amstext 2000/06/29 v2.01 AMS text

(/usr/share/texlive/texmf-dist/tex/latex/amsmath/amsgen.sty
File: amsgen.sty 1999/11/30 v2.0 generic functions
\@emptytoks=\toks19
\ex@=\dimen114
))
(/usr/share/texlive/texmf-dist/tex/latex/amsmath/amsbsy.sty
Package: amsbsy 1999/11/29 v1.2d Bold Symbols
\pmbraise@=\dimen115
)
(/usr/share/texlive/texmf-dist/tex/latex/amsmath/amsopn.sty
Package: amsopn 1999/12/14 v2.01 operator names
)
\inf@bad=\count127
LaTeX Info: Redefining \frac on input line 199.
\uproot@=\count128
\leftroot@=\count129
LaTeX Info: Redefining \overline on input line 297.
\classnum@=\count130
\DOTSCASE@=\count131
LaTeX Info: Redefining \ldots on input line 394.
LaTeX Info: Redefining \dots on input line 397.
LaTeX Info: Redefining \cdots on input line 518.
\Mathstrutbox@=\box31
\strutbox@=\box32
\big@size=\dimen116
LaTeX Font Info:    Redeclaring font encoding OML on input line 630.
LaTeX Font Info:    Redeclaring font encoding OMS on input line 631.
\macc@depth=\count132
\c@MaxMatrixCols=\count133
\dotsspace@=\muskip10
\c@parentequation=\count134
\dspbrk@lvl=\count135
\tag@help=\toks20
\row@=\count136
\column@=\count137
\maxfields@=\count138
\andhelp@=\toks21
\eqnshift@=\dimen117
\alignsep@=\dimen118
\tagshift@=\dimen119
\tagwidth@=\dimen120
\totwidth@=\dimen121
\lineht@=\dimen122
\@envbody=\toks22
\multlinegap=\skip54
\multlinetaggap=\skip55
\mathdisplay@stack=\toks23
LaTeX Info: Redefining \[ on input line 2735.
LaTeX Info: Redefining \] on input line 2736.
)
(/usr/share/texlive/texmf-dist/tex/latex/amsfonts/amssymb.sty
Package: amssymb 2013/01/14 v3.01 AMS font symbols
)
(/usr/share/texlive/texmf-dist/tex/latex/setspace/setspace.sty
Package: setspace 2011/12/19 v6.7a set line spacing
)
(/usr/share/texlive/texmf-dist/tex/latex/float/float.sty
Package: float 2001/11/08 v1.3d Float enhancements (AL)
\c@float@type=\count139
\float@exts=\toks24
\float@box=\box33
\@float@everytoks=\toks25
\@floatcapt=\box34
)
(/usr/share/texlive/texmf-dist/tex/latex/multirow/multirow.sty
\bigstrutjot=\dimen123
)
(/usr/share/texlive/texmf-dist/tex/latex/amsfonts/euscript.sty
Package: euscript 2009/06/22 v3.00 Euler Script fonts
LaTeX Font Info:    Overwriting math alphabet `\EuScript' in version `bold'
(Font)                  U/eus/m/n --> U/eus/b/n on input line 33.
)
\@indexfile=\write3
\openout3 = `IliamnaRisk.idx'.


Writing index file IliamnaRisk.idx
(/usr/share/texlive/texmf-dist/tex/latex/upquote/upquote.sty
Package: upquote 2012/04/19 v1.3 upright-quote and grave-accent glyphs in verba
tim
)
(./IliamnaRisk.aux)
\openout1 = `IliamnaRisk.aux'.

LaTeX Font Info:    Checking defaults for OML/cmm/m/it on input line 140.
LaTeX Font Info:    ... okay on input line 140.
LaTeX Font Info:    Checking defaults for T1/cmr/m/n on input line 140.
LaTeX Font Info:    ... okay on input line 140.
LaTeX Font Info:    Checking defaults for OT1/cmr/m/n on input line 140.
LaTeX Font Info:    ... okay on input line 140.
LaTeX Font Info:    Checking defaults for OMS/cmsy/m/n on input line 140.
LaTeX Font Info:    ... okay on input line 140.
LaTeX Font Info:    Checking defaults for OMX/cmex/m/n on input line 140.
LaTeX Font Info:    ... okay on input line 140.
LaTeX Font Info:    Checking defaults for U/cmr/m/n on input line 140.
LaTeX Font Info:    ... okay on input line 140.

(/usr/share/texlive/texmf-dist/tex/context/base/supp-pdf.mkii
[Loading MPS to PDF converter (version 2006.09.02).]
\scratchcounter=\count140
\scratchdimen=\dimen124
\scratchbox=\box35
\nofMPsegments=\count141
\nofMParguments=\count142
\everyMPshowfont=\toks26
\MPscratchCnt=\count143
\MPscratchDim=\dimen125
\MPnumerator=\count144
\makeMPintoPDFobject=\count145
\everyMPtoPDFconversion=\toks27
) (/usr/share/texlive/texmf-dist/tex/generic/oberdiek/pdftexcmds.sty
Package: pdftexcmds 2011/11/29 v0.20 Utility functions of pdfTeX for LuaTeX (HO
)

(/usr/share/texlive/texmf-dist/tex/generic/oberdiek/ifluatex.sty
Package: ifluatex 2010/03/01 v1.3 Provides the ifluatex switch (HO)
Package ifluatex Info: LuaTeX not detected.
)
(/usr/share/texlive/texmf-dist/tex/generic/oberdiek/ifpdf.sty
Package: ifpdf 2011/01/30 v2.3 Provides the ifpdf switch (HO)
Package ifpdf Info: pdfTeX in PDF mode is detected.
)
Package pdftexcmds Info: LuaTeX not detected.
Package pdftexcmds Info: \pdf@primitive is available.
Package pdftexcmds Info: \pdf@ifprimitive is available.
Package pdftexcmds Info: \pdfdraftmode found.
)
(/usr/share/texlive/texmf-dist/tex/latex/oberdiek/epstopdf-base.sty
Package: epstopdf-base 2010/02/09 v2.5 Base part for package epstopdf

(/usr/share/texlive/texmf-dist/tex/latex/oberdiek/grfext.sty
Package: grfext 2010/08/19 v1.1 Manage graphics extensions (HO)

(/usr/share/texlive/texmf-dist/tex/generic/oberdiek/kvdefinekeys.sty
Package: kvdefinekeys 2011/04/07 v1.3 Define keys (HO)
))
(/usr/share/texlive/texmf-dist/tex/latex/oberdiek/kvoptions.sty
Package: kvoptions 2011/06/30 v3.11 Key value format for package options (HO)

(/usr/share/texlive/texmf-dist/tex/generic/oberdiek/kvsetkeys.sty
Package: kvsetkeys 2012/04/25 v1.16 Key value parser (HO)

(/usr/share/texlive/texmf-dist/tex/generic/oberdiek/etexcmds.sty
Package: etexcmds 2011/02/16 v1.5 Avoid name clashes with e-TeX commands (HO)
Package etexcmds Info: Could not find \expanded.
(etexcmds)             That can mean that you are not using pdfTeX 1.50 or
(etexcmds)             that some package has redefined \expanded.
(etexcmds)             In the latter case, load this package earlier.
)))
Package grfext Info: Graphics extension search list:
(grfext)             [.png,.pdf,.jpg,.mps,.jpeg,.jbig2,.jb2,.PNG,.PDF,.JPG,.JPE
G,.JBIG2,.JB2,.eps]
(grfext)             \AppendGraphicsExtensions on input line 452.

(/usr/share/texlive/texmf-dist/tex/latex/latexconfig/epstopdf-sys.cfg
File: epstopdf-sys.cfg 2010/07/13 v1.3 Configuration of (r)epstopdf for TeX Liv
e
))

LaTeX Font Warning: Font shape `OT1/cmr/m/n' in size <18> not available
(Font)              size <17.28> substituted on input line 168.


LaTeX Font Warning: Font shape `OT1/cmr/bx/n' in size <18> not available
(Font)              size <17.28> substituted on input line 168.

LaTeX Font Info:    Try loading font information for U+msa on input line 168.
(/usr/share/texlive/texmf-dist/tex/latex/amsfonts/umsa.fd
File: umsa.fd 2013/01/14 v3.01 AMS symbols A
)
LaTeX Font Info:    Try loading font information for U+msb on input line 168.

(/usr/share/texlive/texmf-dist/tex/latex/amsfonts/umsb.fd
File: umsb.fd 2013/01/14 v3.01 AMS symbols B
)
Underfull \hbox (badness 1603) in paragraph at lines 180--181
\OT1/cmr/m/n/10 of an-i-mals, the goals of anal-y-sis of-ten in-clude
 []


Underfull \hbox (badness 2088) in paragraph at lines 180--181
\OT1/cmr/m/n/10 abun-dance of the pop-u-la-tion, 4) trend of the
 []


Underfull \vbox (badness 10000) has occurred while \output is active []


Overfull \hbox (443.57199pt too wide) has occurred while \output is active
[] \OT1/cmr/bx/n/10 1 \OT1/cmr/m/n/7 0272-4332/xx/0100-0001$22.00/1  Copyright 
(C) 1990,1995 Mike Piff, University of Sheffield, England 2018 Society for Risk
 Analysis
 []

[1{/var/lib/texmf/fonts/map/pdftex/updmap/pdftex.map}


]
Underfull \vbox (badness 10000) has occurred while \output is active []


Underfull \vbox (badness 10000) has occurred while \output is active []


Overfull \hbox (5.74997pt too wide) has occurred while \output is active
\OT1/cmr/bx/n/10 2
 []

[2]
Underfull \hbox (badness 1014) in paragraph at lines 192--193
\OT1/cmr/m/n/10 sur-vival and re-pro-duc-tion can be used to in-fer
 []


Underfull \vbox (badness 10000) has occurred while \output is active []


Underfull \hbox (badness 1292) in paragraph at lines 207--208
\OT1/cmr/m/n/10 times yearly for most years (Ta-ble I[]). Sur-veys
 []


Underfull \hbox (badness 1558) in paragraph at lines 207--208
\OT1/cmr/m/n/10 were timed so that one sur-vey was con-ducted
 []

[3]
Overfull \hbox (3.62914pt too wide) in alignment at lines 216--249
[] [] [] [] []
 []


Underfull \hbox (badness 2359) in paragraph at lines 252--253
\OT1/cmr/m/n/10 Lake. In ad-di-tion, ear-lier counts from sur-veys
 []


Overfull \hbox (0.5993pt too wide) in alignment at lines 259--276
[] [] [] [] [] [] []
 []


Underfull \hbox (badness 2875) in paragraph at lines 279--280
\OT1/cmr/m/n/10 by house-hold sur-veys of hunters in the lo-cal
 []


Overfull \hbox (5.74997pt too wide) has occurred while \output is active
\OT1/cmr/bx/n/10 4
 []

[4]
Underfull \hbox (badness 1953) in paragraph at lines 291--292
\OT1/cmr/m/n/10 That sam-ple also en-ables in-fer-ence on de-rived
 []


Overfull \hbox (4.94492pt too wide) in alignment at lines 308--328
[] [] []
 []


Underfull \hbox (badness 1558) in paragraph at lines 339--342
\OML/cmm/m/it/10 []$ \OT1/cmr/m/n/10 that con-trol how day-of-year and time-of
-
 []


Underfull \vbox (badness 10000) has occurred while \output is active []

 [5]
Underfull \hbox (badness 1460) in paragraph at lines 347--348
[]\OT1/cmr/m/n/10 We also used a con-stant $\OML/cmm/m/it/10  $ \OT1/cmr/m/n/10
 rather than a
 []


Underfull \vbox (badness 10000) has occurred while \output is active []


Underfull \hbox (badness 1152) in paragraph at lines 355--357
\OT1/cmr/m/n/10 However, we found that this mul-ti-plica-tive for-
 []


Underfull \hbox (badness 2443) in paragraph at lines 355--357
\OT1/cmr/m/n/10 mu-la-tion suf-fered from over-fitting and fur-ther
 []


Underfull \vbox (badness 10000) has occurred while \output is active []


Overfull \hbox (5.74997pt too wide) has occurred while \output is active
\OT1/cmr/bx/n/10 6
 []

[6]
Underfull \hbox (badness 1515) in paragraph at lines 377--379
\OT1/cmr/m/n/10 em-bed-ding Leslie ma-trix mod-els in a Bayesian
 []


Underfull \hbox (badness 1902) in paragraph at lines 377--379
\OT1/cmr/m/n/10 in-fer-ence frame-work, in-clud-ing stochas-tic de-mo-
 []


Underfull \hbox (badness 1688) in paragraph at lines 380--381
\OT1/cmr/m/n/10 trends have of-ten been mod-eled with log-lin-ear
 []


Underfull \vbox (badness 10000) has occurred while \output is active []

 [7]
Underfull \hbox (badness 1748) in paragraph at lines 410--411
\OT1/cmr/m/n/10 pa-ram-e-ters. Also, the base-priors came from a
 []


Underfull \vbox (badness 10000) has occurred while \output is active []


Underfull \hbox (badness 2922) in paragraph at lines 443--443
\OT1/cmr/m/n/8 (wide-priors), and non-in-for-ma-tive vari-a-tion (uniform-
 []


Overfull \hbox (0.5993pt too wide) in alignment at lines 420--444
[] [] [] [] [] []
 []


Underfull \hbox (badness 2318) in paragraph at lines 453--455
[]\OT1/cmr/m/n/10 The model was fit-ted with Markov Chain
 []


Underfull \hbox (badness 1215) in paragraph at lines 460--461
\OT1/cmr/m/n/10 years that were miss-ing har-vest data, for each
 []


Underfull \hbox (badness 1297) in paragraph at lines 460--461
\OT1/cmr/m/n/10 it-er-a-tion of the MCMC al-go-rithm, we im-puted
 []


Overfull \hbox (5.74997pt too wide) has occurred while \output is active
\OT1/cmr/bx/n/10 8
 []

[8]
Underfull \hbox (badness 1005) in paragraph at lines 483--484
[]\OT1/cmr/m/n/10 For pop-u-la-tion vi-a-bil-ity anal-y-sis, we wished
 []


Underfull \vbox (badness 10000) has occurred while \output is active []

 [9]
<plot-demparms-1.pdf, id=52, 505.89pt x 650.43pt>
File: plot-demparms-1.pdf Graphic file (type pdf)
 <use plot-demparms-1.pdf>
Package pdftex.def Info: plot-demparms-1.pdf used on input line 528.
(pdftex.def)             Requested size: 234.87749pt x 301.99028pt.

Underfull \hbox (badness 2181) in paragraph at lines 534--535
\OT1/cmr/m/n/10 for the wide-priors sce-nario, and the re-sult-ing
 []


Overfull \hbox (11.49994pt too wide) has occurred while \output is active
\OT1/cmr/bx/n/10 10
 []

[10 <./plot-demparms-1.pdf>]
<plot-covariates-1.jpeg, id=63, 578.16pt x 722.7pt>
File: plot-covariates-1.jpeg Graphic file (type jpg)

<use plot-covariates-1.jpeg>
Package pdftex.def Info: plot-covariates-1.jpeg used on input line 556.
(pdftex.def)             Requested size: 198.7425pt x 248.4275pt.

<plot-trendlines-1.jpeg, id=64, 867.24pt x 867.24pt>
File: plot-trendlines-1.jpeg Graphic file (type jpg)

<use plot-trendlines-1.jpeg>
Package pdftex.def Info: plot-trendlines-1.jpeg used on input line 575.
(pdftex.def)             Requested size: 361.34999pt x 361.35353pt.

Underfull \hbox (badness 1142) in paragraph at lines 582--583
[]\OT1/cmr/m/n/10 For $\OML/cmm/m/it/10 k \OT1/cmr/m/n/10 = 1\OML/cmm/m/it/10 ;
 [] ; \OT1/cmr/m/n/10 10000$ MCMC sam-ples, the
 []


Underfull \hbox (badness 2376) in paragraph at lines 586--587
[]\OT1/cmr/m/n/10 Figure 3[]C shows the same in-for-ma-tion as
 []


Underfull \hbox (badness 1152) in paragraph at lines 586--587
\OT1/cmr/m/n/10 on $\OML/cmm/m/it/10  $\OT1/cmr/m/n/10 , the greater un-cer-tai
nty in the prior de-
 []

[11 <./plot-covariates-1.jpeg>]
Underfull \vbox (badness 10000) has occurred while \output is active []


<plot-histtrend-1.pdf, id=68, 505.89pt x 433.62pt>
File: plot-histtrend-1.pdf Graphic file (type pdf)
 <use plot-histtrend-1.pdf>
Package pdftex.def Info: plot-histtrend-1.pdf used on input line 600.
(pdftex.def)             Requested size: 231.26378pt x 198.23033pt.

Overfull \hbox (11.49994pt too wide) has occurred while \output is active
\OT1/cmr/bx/n/10 12
 []

[12 <./plot-trendlines-1.jpeg>]
Underfull \hbox (badness 1194) in paragraph at lines 609--610
\OT1/cmr/m/n/10 of a de-creas-ing trend, in-di-cat-ing lit-tle ev-i-dence
 []


Underfull \hbox (badness 1009) in paragraph at lines 611--612
[]\OT1/cmr/m/n/10 The pos-te-rior dis-tri-bu-tions of trend for the
 []


Underfull \hbox (badness 1675) in paragraph at lines 611--612
\OT1/cmr/m/n/10 1\OML/cmm/m/it/10 ; [] ; \OT1/cmr/m/n/10 10000$, are given in t
he third col-umn of
 []


Underfull \hbox (badness 1009) in paragraph at lines 613--614
[]\OT1/cmr/m/n/10 The pos-te-rior dis-tri-bu-tions of trend for the
 []


Underfull \hbox (badness 2922) in paragraph at lines 613--614
\OT1/cmr/m/n/10 1\OML/cmm/m/it/10 ; [] ; \OT1/cmr/m/n/10 10000$, are given in t
he last col-umn of
 []


Underfull \hbox (badness 1033) in paragraph at lines 621--622
\OT1/cmr/m/n/10 be-come more vari-able when pro-ject-ing into the
 []


Underfull \hbox (badness 1694) in paragraph at lines 621--622
\OT1/cmr/m/n/10 tra-jec-to-ries crossed the var-i-ous thresh-olds. The
 []


Underfull \vbox (badness 2744) has occurred while \output is active []

 [13 <./plot-histtrend-1.pdf>] <plot-PVA-1.jpeg, id=82, 867.24pt x 867.24pt>
File: plot-PVA-1.jpeg Graphic file (type jpg)

<use plot-PVA-1.jpeg>
Package pdftex.def Info: plot-PVA-1.jpeg used on input line 628.
(pdftex.def)             Requested size: 361.34999pt x 361.35353pt.

Underfull \hbox (badness 1102) in paragraph at lines 639--640
\OT1/cmr/m/n/10 fac-tor of in-crease (i.e., pop-u-la-tion growth rate)
 []


Underfull \hbox (badness 1173) in paragraph at lines 651--652
\OT1/cmr/m/n/10 be-cause the vari-a-tion in es-ti-mated de-mo-graphic
 []


Overfull \hbox (11.49994pt too wide) has occurred while \output is active
\OT1/cmr/bx/n/10 14
 []

[14]
Underfull \vbox (badness 10000) has occurred while \output is active []


Underfull \hbox (badness 1248) in paragraph at lines 653--654
\OT1/cmr/m/n/10 in the sce-nar-ios as shown in Fig-ure 1[], led to
 []


Underfull \hbox (badness 1881) in paragraph at lines 653--654
\OT1/cmr/m/n/10 the dif-fer-ent trends (Fig-ure 4[]) and pop-u-la-tion
 []


Underfull \hbox (badness 2818) in paragraph at lines 653--654
\OT1/cmr/m/n/10 cross-ing a quasi-extinction thresh-old. As such,
 []


Underfull \vbox (badness 10000) has occurred while \output is active []

 [15 <./plot-PVA-1.jpeg>]
Underfull \hbox (badness 1360) in paragraph at lines 659--660
[]\OT1/cmr/m/n/10 This pa-per is ded-i-cated to the mem-ory of
 []


Underfull \hbox (badness 1466) in paragraph at lines 659--660
\OT1/cmr/m/n/10 ver-sity, who ad-vo-cated strongly for the use of
 []


Underfull \hbox (badness 1009) in paragraph at lines 659--660
\OT1/cmr/m/n/10 risk as-sess-ment in con-ser-va-tion de-ci-sions. Aerial
 []


LaTeX Font Warning: Command \footnotesize invalid in math mode on input line 66
5.

(./IliamnaRisk.bbl
Underfull \vbox (badness 10000) has occurred while \output is active []


Underfull \hbox (badness 1297) in paragraph at lines 10--14
[]\OT1/cmr/m/n/8 Goodman, D. (2002) Pre-dic-tive Bayesian pop-u-la-tion
 []


Underfull \hbox (badness 2088) in paragraph at lines 21--24
\OT1/cmr/m/n/8 on com-bin-ing Bayesian, in-te-grated, and hi-er-ar-chi-cal
 []


Underfull \hbox (badness 1859) in paragraph at lines 40--46
\OT1/cmr/m/n/8 knowl-edge and sub-sis-tence use pat-terns with aerial
 []


Underfull \hbox (badness 2744) in paragraph at lines 69--72
[]\OT1/cmr/m/n/8 Simpkins, M.A., With-row, D.E., Ce-sarone, J.C. &
 []


Underfull \hbox (badness 1789) in paragraph at lines 74--77
\OT1/cmr/m/n/8 Na-tional Park, Alaska, 1992--2002. \OT1/cmr/m/it/8 Ma-rine Mam-
mal
 []


Underfull \hbox (badness 2653) in paragraph at lines 85--88
[]\OT1/cmr/m/n/8 Ver Hoef, J.M. & Frost, K.J. (2003) A Bayesian
 []


Overfull \hbox (11.49994pt too wide) has occurred while \output is active
\OT1/cmr/bx/n/10 16
 []

[16]
Missing character: There is no â in font cmr8!
Missing character: There is no € in font cmr8!
Missing character: There is no “ in font cmr8!

Underfull \hbox (badness 1603) in paragraph at lines 101--105
[]\OT1/cmr/m/n/8 Mathisen, O.A. & Kline, T.C. (1992) Har-bor seals
 []


Underfull \hbox (badness 4819) in paragraph at lines 107--111
[]\OT1/cmr/m/n/8 ABR, En-vi-ron-men-tal Re-search and Ser-vice (2011)
 []


Underfull \hbox (badness 10000) in paragraph at lines 107--111
\OT1/cmr/m/it/8 Peb-ble Project En-vi-ron-men-tal Base-line Doc-u-ment
 []


Underfull \hbox (badness 10000) in paragraph at lines 107--111
\OT1/cmr/m/it/8 2004 through 2008\OT1/cmr/m/n/8 , Peb-ble Lim-ited Part-ner-shi
p,
 []


Underfull \hbox (badness 10000) in paragraph at lines 107--111
\OT1/cmr/m/n/8 http://www.arlis.org/docs/vol2/Pebble/2004-
 []


Underfull \hbox (badness 1466) in paragraph at lines 114--117
\OT1/cmr/m/n/8 Sex-and age-specific sur-vival of har-bor seals (\OT1/cmr/m/it/8
 Phoca
 []


Underfull \hbox (badness 2376) in paragraph at lines 119--124
\OT1/cmr/m/n/8 and At-mo-spheric Ad-min-is-tra-tion, Outer Con-ti-nen-tal
 []


Underfull \hbox (badness 2318) in paragraph at lines 135--139
[]\OT1/cmr/m/n/8 Franklin, I.R. (1980) Evo-lu-tion-ary change in small
 []


Underfull \hbox (badness 1460) in paragraph at lines 135--139
\OT1/cmr/m/n/8 pop-u-la-tions. \OT1/cmr/m/it/8 Con-ser-va-tion Bi-ol-ogy: An Ev
olutionary-
 []


Underfull \hbox (badness 1062) in paragraph at lines 153--156
\OT1/cmr/m/n/8 Ab-sence of ge-netic vari-a-tion in har-bor seals (\OT1/cmr/m/it
/8 Phoca
 []


Underfull \hbox (badness 10000) in paragraph at lines 164--170
[]\OT1/cmr/m/n/8 Withrow, D.E., Lon-don, J.M., Yano, K.M. &
 []


Underfull \hbox (badness 10000) in paragraph at lines 164--170
\OT1/cmr/m/n/8 Boveng, P.L. (2014) Aerial sur-vey counts of
 []


Underfull \hbox (badness 6575) in paragraph at lines 164--170
\OT1/cmr/m/n/8 har-bor seals in Lake Il-iamna, Alaska, 1984-2013
 []


Underfull \hbox (badness 4595) in paragraph at lines 164--170
\OT1/cmr/m/n/8 (NODC Ac-ces-sion 0123188). Ver-sion 2.3. Na-tional
 []


Underfull \hbox (badness 10000) in paragraph at lines 164--170
\OT1/cmr/m/n/8 Oceano-graphic Data Cen-ter, NOAA. Dataset.
 []


Underfull \hbox (badness 1152) in paragraph at lines 201--205
\OT1/cmr/m/n/8 eco-log-i-cal anal-y-sis: The strengths and lim-i-ta-tions of
 []


Underfull \hbox (badness 2503) in paragraph at lines 207--210
[]\OT1/cmr/m/n/8 Caswell, H. (2001) \OT1/cmr/m/it/8 Ma-trix Pop-u-la-tion Mod-e
ls, 2nd
 []


Underfull \hbox (badness 2573) in paragraph at lines 235--238
\OT1/cmr/m/n/8 ef-fec-tive growth rate from a ran-dom leslie model:
 []


Underfull \hbox (badness 1721) in paragraph at lines 269--272
\OT1/cmr/m/n/8 haulout be-hav-ior of radio-tagged har-bor seals,\OT1/cmr/m/it/8
 Phoca
 []

[17]
Underfull \hbox (badness 1533) in paragraph at lines 287--290
\OT1/cmr/m/n/8 Teller, A.H. & Teller, E. (1953) Equa-tion of state
 []


Underfull \hbox (badness 1275) in paragraph at lines 307--309
[]\OT1/cmr/m/n/8 Ver Hoef, J.M. (2002) Pop-u-la-tion vi-a-bil-ity anal-y-sis.
 []


Underfull \hbox (badness 2809) in paragraph at lines 312--315
[]\OT1/cmr/m/n/8 Holmes, E.E., Sabo, J.L., Vis-cido, S.V. & Fa-gan,
 []

)
Underfull \hbox (badness 1281) in paragraph at lines 681--682
[]\OT1/cmr/m/n/10 To de-velop in-for-ma-tive pri-ors, we used the
 []


Underfull \vbox (badness 3312) has occurred while \output is active []


Overfull \hbox (11.49994pt too wide) has occurred while \output is active
\OT1/cmr/bx/n/10 18
 []

[18]
Underfull \vbox (badness 10000) has occurred while \output is active []


Underfull \hbox (badness 1014) in paragraph at lines 798--801
\OML/cmm/m/it/10 ^^T$ \OT1/cmr/m/n/10 is the sur-vival of those pups from the t
ime
 []


Underfull \vbox (badness 10000) has occurred while \output is active []

 [19]
Underfull \hbox (badness 1237) in paragraph at lines 855--857
\OT1/cmr/m/n/10 are in-de-pen-dent, so that the co-vari-ance ma-trix
 []


Underfull \vbox (badness 10000) has occurred while \output is active []


Underfull \vbox (badness 10000) has occurred while \output is active []


Overfull \hbox (11.49994pt too wide) has occurred while \output is active
\OT1/cmr/bx/n/10 20
 []

[20] [21

] (./IliamnaRisk.aux)

LaTeX Font Warning: Size substitutions with differences
(Font)              up to 0.72pt have occurred.

 ) 
Here is how much of TeX's memory you used:
 3685 strings out of 493029
 46682 string characters out of 6136234
 129108 words of memory out of 5000000
 7120 multiletter control sequences out of 15000+600000
 17511 words of font info for 65 fonts, out of 8000000 for 9000
 1141 hyphenation exceptions out of 8191
 38i,13n,27p,2286b,369s stack positions out of 5000i,500n,10000p,200000b,80000s
</usr/share/texlive/texmf-dist/fonts/type1/public/amsfonts/cm/cmbx10.pfb></us
r/share/texlive/texmf-dist/fonts/type1/public/amsfonts/cm/cmbx12.pfb></usr/shar
e/texlive/texmf-dist/fonts/type1/public/amsfonts/cm/cmbx7.pfb></usr/share/texli
ve/texmf-dist/fonts/type1/public/amsfonts/cm/cmbx8.pfb></usr/share/texlive/texm
f-dist/fonts/type1/public/amsfonts/cm/cmex10.pfb></usr/share/texlive/texmf-dist
/fonts/type1/public/amsfonts/cm/cmmi10.pfb></usr/share/texlive/texmf-dist/fonts
/type1/public/amsfonts/cm/cmmi5.pfb></usr/share/texlive/texmf-dist/fonts/type1/
public/amsfonts/cm/cmmi6.pfb></usr/share/texlive/texmf-dist/fonts/type1/public/
amsfonts/cm/cmmi7.pfb></usr/share/texlive/texmf-dist/fonts/type1/public/amsfont
s/cm/cmmi8.pfb></usr/share/texlive/texmf-dist/fonts/type1/public/amsfonts/cm/cm
mib10.pfb></usr/share/texlive/texmf-dist/fonts/type1/public/amsfonts/cm/cmr10.p
fb></usr/share/texlive/texmf-dist/fonts/type1/public/amsfonts/cm/cmr5.pfb></usr
/share/texlive/texmf-dist/fonts/type1/public/amsfonts/cm/cmr6.pfb></usr/share/t
exlive/texmf-dist/fonts/type1/public/amsfonts/cm/cmr7.pfb></usr/share/texlive/t
exmf-dist/fonts/type1/public/amsfonts/cm/cmr8.pfb></usr/share/texlive/texmf-dis
t/fonts/type1/public/amsfonts/cm/cmr9.pfb></usr/share/texlive/texmf-dist/fonts/
type1/public/amsfonts/cm/cmsy10.pfb></usr/share/texlive/texmf-dist/fonts/type1/
public/amsfonts/cm/cmsy5.pfb></usr/share/texlive/texmf-dist/fonts/type1/public/
amsfonts/cm/cmsy7.pfb></usr/share/texlive/texmf-dist/fonts/type1/public/amsfont
s/cm/cmti10.pfb></usr/share/texlive/texmf-dist/fonts/type1/public/amsfonts/cm/c
mti8.pfb></usr/share/texlive/texmf-dist/fonts/type1/public/amsfonts/cm/cmtt10.p
fb></usr/share/texlive/texmf-dist/fonts/type1/public/amsfonts/symbols/msam10.pf
b>
Output written on IliamnaRisk.pdf (21 pages, 890789 bytes).
PDF statistics:
 187 PDF objects out of 1000 (max. 8388607)
 131 compressed objects within 2 object streams
 0 named destinations out of 1000 (max. 500000)
 26 words of extra memory for PDF output out of 10000 (max. 10000000)

